\BOOKMARK [1][-]{section.1}{\376\377\000Z\000i\000e\000l\000b\000e\000s\000t\000i\000m\000m\000u\000n\000g}{}% 1
\BOOKMARK [1][-]{section.2}{\376\377\000P\000r\000o\000d\000u\000k\000t\000e\000i\000n\000s\000a\000t\000z}{}% 2
\BOOKMARK [1][-]{section.3}{\376\377\000P\000r\000o\000d\000u\000k\000t\000u\000m\000g\000e\000b\000u\000n\000g}{}% 3
\BOOKMARK [1][-]{section.4}{\376\377\000P\000r\000o\000d\000u\000k\000t\000f\000u\000n\000k\000t\000i\000o\000n\000e\000n}{}% 4
\BOOKMARK [2][-]{subsection.4.1}{\376\377\000N\000u\000t\000z\000e\000r\000v\000e\000r\000w\000a\000l\000t\000u\000n\000g}{section.4}% 5
\BOOKMARK [3][-]{subsubsection.4.1.1}{\376\377\000A\000d\000m\000i\000n\000i\000s\000t\000r\000a\000t\000o\000r}{subsection.4.1}% 6
\BOOKMARK [3][-]{subsubsection.4.1.2}{\376\377\000A\000n\000o\000n\000y\000m\000e\000\040\000N\000u\000t\000z\000e\000r}{subsection.4.1}% 7
\BOOKMARK [3][-]{subsubsection.4.1.3}{\376\377\000R\000e\000g\000i\000s\000t\000r\000i\000e\000r\000t\000e\000\040\000N\000u\000t\000z\000e\000r}{subsection.4.1}% 8
\BOOKMARK [3][-]{subsubsection.4.1.4}{\376\377\000A\000n\000g\000e\000m\000e\000l\000d\000e\000t\000e\000\040\000N\000u\000t\000z\000e\000r}{subsection.4.1}% 9
\BOOKMARK [3][-]{subsubsection.4.1.5}{\376\377\000A\000l\000l\000e\000\040\000N\000u\000t\000z\000e\000r}{subsection.4.1}% 10
\BOOKMARK [2][-]{subsection.4.2}{\376\377\000N\000a\000v\000i\000g\000a\000t\000i\000o\000n\000\040\000\046\000\040\000S\000u\000c\000h\000e}{section.4}% 11
\BOOKMARK [3][-]{subsubsection.4.2.1}{\376\377\000A\000l\000l\000e\000\040\000N\000u\000t\000z\000e\000r}{subsection.4.2}% 12
\BOOKMARK [2][-]{subsection.4.3}{\376\377\000A\000u\000s\000l\000e\000i\000h\000e\000\040\000\046\000\040\000R\000\374\000c\000k\000g\000a\000b\000e}{section.4}% 13
\BOOKMARK [3][-]{subsubsection.4.3.1}{\376\377\000A\000d\000m\000i\000n\000i\000s\000t\000r\000a\000t\000o\000r}{subsection.4.3}% 14
\BOOKMARK [3][-]{subsubsection.4.3.2}{\376\377\000P\000e\000r\000s\000o\000n\000a\000l\000a\000r\000b\000e\000i\000t\000e\000r}{subsection.4.3}% 15
\BOOKMARK [3][-]{subsubsection.4.3.3}{\376\377\000R\000e\000g\000i\000s\000t\000r\000i\000e\000r\000t\000e\000\040\000N\000u\000t\000z\000e\000r}{subsection.4.3}% 16
\BOOKMARK [2][-]{subsection.4.4}{\376\377\000K\000a\000t\000a\000l\000o\000g\000f\000\374\000h\000r\000u\000n\000g}{section.4}% 17
\BOOKMARK [3][-]{subsubsection.4.4.1}{\376\377\000A\000d\000m\000i\000n\000i\000s\000t\000r\000a\000t\000o\000r}{subsection.4.4}% 18
\BOOKMARK [2][-]{subsection.4.5}{\376\377\000W\000e\000i\000t\000e\000r\000e\000\040\000P\000e\000r\000s\000o\000n\000a\000l\000i\000s\000i\000e\000r\000u\000n\000g\000e\000n}{section.4}% 19
\BOOKMARK [3][-]{subsubsection.4.5.1}{\376\377\000A\000d\000m\000i\000n\000i\000s\000t\000r\000a\000t\000o\000r}{subsection.4.5}% 20
\BOOKMARK [3][-]{subsubsection.4.5.2}{\376\377\000A\000l\000l\000e\000\040\000N\000u\000t\000z\000e\000r}{subsection.4.5}% 21
\BOOKMARK [1][-]{section.5}{\376\377\000P\000r\000o\000d\000u\000k\000t\000l\000e\000i\000s\000t\000u\000n\000g}{}% 22
\BOOKMARK [1][-]{section.6}{\376\377\000B\000e\000n\000u\000t\000z\000e\000r\000o\000b\000e\000r\000f\000l\000\344\000c\000h\000e}{}% 23
\BOOKMARK [1][-]{section.7}{\376\377\000Q\000u\000a\000l\000i\000t\000\344\000t\000s\000a\000n\000f\000o\000r\000d\000e\000r\000u\000n\000g\000e\000n}{}% 24
\BOOKMARK [1][-]{section.8}{\376\377\000T\000e\000s\000t\000i\000n\000g}{}% 25
\BOOKMARK [1][-]{section.9}{\376\377\000E\000n\000t\000w\000i\000c\000k\000l\000u\000n\000g\000s\000u\000m\000g\000e\000b\000u\000n\000g}{}% 26
\BOOKMARK [1][-]{section.10}{\376\377\000G\000l\000o\000s\000s\000a\000r}{}% 27
